{
  "stats": {
    "suites": 1,
    "tests": 2,
    "passes": 2,
    "pending": 0,
    "failures": 0,
    "start": "2026-04-02T01:27:00.353Z",
    "end": "2026-04-02T01:27:02.988Z",
    "duration": 2635,
    "testsRegistered": 2,
    "passPercent": 100,
    "pendingPercent": 0,
    "other": 0,
    "hasOther": false,
    "skipped": 0,
    "hasSkipped": false
  },
  "results": [
    {
      "uuid": "934803b3-86a3-4344-9634-03f41a48c8e1",
      "title": "",
      "fullFile": "cypress/e2e/hello.cy.js",
      "file": "cypress/e2e/hello.cy.js",
      "beforeHooks": [],
      "afterHooks": [],
      "tests": [],
      "suites": [
        {
          "uuid": "c936fd02-1db4-44c6-be1e-82e8c81c4f72",
          "title": "Hello Cypress",
          "fullFile": "",
          "file": "",
          "beforeHooks": [],
          "afterHooks": [],
          "tests": [
            {
              "title": "Should open website and verify its title",
              "fullTitle": "Hello Cypress Should open website and verify its title",
              "timedOut": null,
              "duration": 979,
              "state": "passed",
              "speed": "fast",
              "pass": true,
              "fail": false,
              "pending": false,
              "context": null,
              "code": "cy.visit('https://example.cypress.io'); // Adjust the URL as needed\ncy.title().should('eq', 'Cypress.io: Kitchen Sink');",
              "err": {},
              "uuid": "21051985-27ac-440d-a89f-dfea9ad5ee4c",
              "parentUUID": "c936fd02-1db4-44c6-be1e-82e8c81c4f72",
              "isHook": false,
              "skipped": false
            },
            {
              "title": "Should open website and verify its title1",
              "fullTitle": "Hello Cypress Should open website and verify its title1",
              "timedOut": null,
              "duration": 72,
              "state": "passed",
              "speed": "fast",
              "pass": true,
              "fail": false,
              "pending": false,
              "context": null,
              "code": "cy.visit('https://example.cypress.io'); // Adjust the URL as needed\ncy.title().should('eq', 'Cypress.io: Kitchen Sink');",
              "err": {},
              "uuid": "a8bd1b57-6ec2-4d85-9d52-506dc4c87147",
              "parentUUID": "c936fd02-1db4-44c6-be1e-82e8c81c4f72",
              "isHook": false,
              "skipped": false
            }
          ],
          "suites": [],
          "passes": [
            "21051985-27ac-440d-a89f-dfea9ad5ee4c",
            "a8bd1b57-6ec2-4d85-9d52-506dc4c87147"
          ],
          "failures": [],
          "pending": [],
          "skipped": [],
          "duration": 1051,
          "root": false,
          "rootEmpty": false,
          "_timeout": 2000
        }
      ],
      "passes": [],
      "failures": [],
      "pending": [],
      "skipped": [],
      "duration": 0,
      "root": true,
      "rootEmpty": true,
      "_timeout": 2000
    }
  ],
  "meta": {
    "mocha": {
      "version": "7.2.0"
    },
    "mochawesome": {
      "options": {
        "quiet": false,
        "reportFilename": "mochawesome",
        "saveHtml": false,
        "saveJson": true,
        "consoleReporter": "spec",
        "useInlineDiffs": false,
        "code": true
      },
      "version": "7.1.4"
    },
    "marge": {
      "options": {
        "reportDir": "cypress/reports",
        "overwrite": false,
        "html": false,
        "json": true
      },
      "version": "6.3.2"
    }
  }
}